#
# There is insufficient memory for the Java Runtime Environment to continue.
# Native memory allocation (mmap) failed to map 716177408 bytes for committing reserved memory.
# Possible reasons:
#   The system is out of physical RAM or swap space
#   In 32 bit mode, the process size limit was hit
# Possible solutions:
#   Reduce memory load on the system
#   Increase physical memory or swap space
#   Check if swap backing store is full
#   Use 64 bit Java on a 64 bit OS
#   Decrease Java heap size (-Xmx/-Xms)
#   Decrease number of Java threads
#   Decrease Java thread stack sizes (-Xss)
#   Set larger code cache with -XX:ReservedCodeCacheSize=
# This output file may be truncated or incomplete.
#
#  Out of Memory Error (os_linux.cpp:2630), pid=14908, tid=140401340372736
#
# JRE version:  (8.0_91-b14) (build )
# Java VM: OpenJDK 64-Bit Server VM (25.91-b14 mixed mode linux-amd64 compressed oops)
# Failed to write core dump. Core dumps have been disabled. To enable core dumping, try "ulimit -c unlimited" before starting Java again
#

---------------  T H R E A D  ---------------

Current thread (0x00007fb1b400a000):  JavaThread "Unknown thread" [_thread_in_vm, id=14909, stack(0x00007fb1bbf4d000,0x00007fb1bc04e000)]

Stack: [0x00007fb1bbf4d000,0x00007fb1bc04e000],  sp=0x00007fb1bc04c630,  free space=1021k
Native frames: (J=compiled Java code, j=interpreted, Vv=VM code, C=native code)
V  [libjvm.so+0xa5de1b]
V  [libjvm.so+0x4c178c]
V  [libjvm.so+0x8ae9d0]
V  [libjvm.so+0x8a8e4e]
V  [libjvm.so+0x922f46]
V  [libjvm.so+0x913a53]
V  [libjvm.so+0x2accb1]
V  [libjvm.so+0x8d3cf9]
V  [libjvm.so+0xa218c9]
V  [libjvm.so+0xa21c32]
V  [libjvm.so+0x60beff]
V  [libjvm.so+0xa0740a]
V  [libjvm.so+0x6860c2]  JNI_CreateJavaVM+0x62
C  [libjli.so+0x2f2e]
C  [libjli.so+0x73cd]
C  [libpthread.so.0+0x76fa]  start_thread+0xca


---------------  P R O C E S S  ---------------

Java Threads: ( => current thread )

Other Threads:

=>0x00007fb1b400a000 (exited) JavaThread "Unknown thread" [_thread_in_vm, id=14909, stack(0x00007fb1bbf4d000,0x00007fb1bc04e000)]

VM state:not at safepoint (not fully initialized)

VM Mutex/Monitor currently owned by a thread: None

GC Heap History (0 events):
No events

Deoptimization events (0 events):
No events

Internal exceptions (0 events):
No events

Events (0 events):
No events


Dynamic libraries:
00400000-00401000 r-xp 00000000 08:15 4855670                            /usr/lib/jvm/java-8-openjdk-amd64/jre/bin/java
00600000-00601000 r--p 00000000 08:15 4855670                            /usr/lib/jvm/java-8-openjdk-amd64/jre/bin/java
00601000-00602000 rw-p 00001000 08:15 4855670                            /usr/lib/jvm/java-8-openjdk-amd64/jre/bin/java
013bf000-013e0000 rw-p 00000000 00:00 0                                  [heap]
eab00000-100000000 rw-p 00000000 00:00 0 
7fb1ac000000-7fb1ac270000 rwxp 00000000 00:00 0 
7fb1ac270000-7fb1b4000000 ---p 00000000 00:00 0 
7fb1b4000000-7fb1b4031000 rw-p 00000000 00:00 0 
7fb1b4031000-7fb1b8000000 ---p 00000000 00:00 0 
7fb1b85d1000-7fb1b8726000 ---p 00000000 00:00 0 
7fb1b8726000-7fb1b87dc000 rw-p 00000000 00:00 0 
7fb1b87dc000-7fb1b89d2000 ---p 00000000 00:00 0 
7fb1b89d2000-7fb1b89da000 r-xp 00000000 08:15 4855702                    /usr/lib/jvm/java-8-openjdk-amd64/jre/lib/amd64/libzip.so
7fb1b89da000-7fb1b8bd9000 ---p 00008000 08:15 4855702                    /usr/lib/jvm/java-8-openjdk-amd64/jre/lib/amd64/libzip.so
7fb1b8bd9000-7fb1b8bda000 r--p 00007000 08:15 4855702                    /usr/lib/jvm/java-8-openjdk-amd64/jre/lib/amd64/libzip.so
7fb1b8bda000-7fb1b8bdb000 rw-p 00008000 08:15 4855702                    /usr/lib/jvm/java-8-openjdk-amd64/jre/lib/amd64/libzip.so
7fb1b8bdb000-7fb1b8be6000 r-xp 00000000 08:15 4461287                    /lib/x86_64-linux-gnu/libnss_files-2.23.so
7fb1b8be6000-7fb1b8de5000 ---p 0000b000 08:15 4461287                    /lib/x86_64-linux-gnu/libnss_files-2.23.so
7fb1b8de5000-7fb1b8de6000 r--p 0000a000 08:15 4461287                    /lib/x86_64-linux-gnu/libnss_files-2.23.so
7fb1b8de6000-7fb1b8de7000 rw-p 0000b000 08:15 4461287                    /lib/x86_64-linux-gnu/libnss_files-2.23.so
7fb1b8de7000-7fb1b8ded000 rw-p 00000000 00:00 0 
7fb1b8ded000-7fb1b8df8000 r-xp 00000000 08:15 4461297                    /lib/x86_64-linux-gnu/libnss_nis-2.23.so
7fb1b8df8000-7fb1b8ff7000 ---p 0000b000 08:15 4461297                    /lib/x86_64-linux-gnu/libnss_nis-2.23.so
7fb1b8ff7000-7fb1b8ff8000 r--p 0000a000 08:15 4461297                    /lib/x86_64-linux-gnu/libnss_nis-2.23.so
7fb1b8ff8000-7fb1b8ff9000 rw-p 0000b000 08:15 4461297                    /lib/x86_64-linux-gnu/libnss_nis-2.23.so
7fb1b8ff9000-7fb1b900f000 r-xp 00000000 08:15 4461281                    /lib/x86_64-linux-gnu/libnsl-2.23.so
7fb1b900f000-7fb1b920e000 ---p 00016000 08:15 4461281                    /lib/x86_64-linux-gnu/libnsl-2.23.so
7fb1b920e000-7fb1b920f000 r--p 00015000 08:15 4461281                    /lib/x86_64-linux-gnu/libnsl-2.23.so
7fb1b920f000-7fb1b9210000 rw-p 00016000 08:15 4461281                    /lib/x86_64-linux-gnu/libnsl-2.23.so
7fb1b9210000-7fb1b9212000 rw-p 00000000 00:00 0 
7fb1b9212000-7fb1b921a000 r-xp 00000000 08:15 4461283                    /lib/x86_64-linux-gnu/libnss_compat-2.23.so
7fb1b921a000-7fb1b9419000 ---p 00008000 08:15 4461283                    /lib/x86_64-linux-gnu/libnss_compat-2.23.so
7fb1b9419000-7fb1b941a000 r--p 00007000 08:15 4461283                    /lib/x86_64-linux-gnu/libnss_compat-2.23.so
7fb1b941a000-7fb1b941b000 rw-p 00008000 08:15 4461283                    /lib/x86_64-linux-gnu/libnss_compat-2.23.so
7fb1b941b000-7fb1b9448000 r-xp 00000000 08:15 4855687                    /usr/lib/jvm/java-8-openjdk-amd64/jre/lib/amd64/libjava.so
7fb1b9448000-7fb1b9647000 ---p 0002d000 08:15 4855687                    /usr/lib/jvm/java-8-openjdk-amd64/jre/lib/amd64/libjava.so
7fb1b9647000-7fb1b9648000 r--p 0002c000 08:15 4855687                    /usr/lib/jvm/java-8-openjdk-amd64/jre/lib/amd64/libjava.so
7fb1b9648000-7fb1b964a000 rw-p 0002d000 08:15 4855687                    /usr/lib/jvm/java-8-openjdk-amd64/jre/lib/amd64/libjava.so
7fb1b964a000-7fb1b9659000 r-xp 00000000 08:15 4855688                    /usr/lib/jvm/java-8-openjdk-amd64/jre/lib/amd64/libverify.so
7fb1b9659000-7fb1b9858000 ---p 0000f000 08:15 4855688                    /usr/lib/jvm/java-8-openjdk-amd64/jre/lib/amd64/libverify.so
7fb1b9858000-7fb1b985a000 r--p 0000e000 08:15 4855688                    /usr/lib/jvm/java-8-openjdk-amd64/jre/lib/amd64/libverify.so
7fb1b985a000-7fb1b985b000 rw-p 00010000 08:15 4855688                    /usr/lib/jvm/java-8-openjdk-amd64/jre/lib/amd64/libverify.so
7fb1b985b000-7fb1b9862000 r-xp 00000000 08:15 4461342                    /lib/x86_64-linux-gnu/librt-2.23.so
7fb1b9862000-7fb1b9a61000 ---p 00007000 08:15 4461342                    /lib/x86_64-linux-gnu/librt-2.23.so
7fb1b9a61000-7fb1b9a62000 r--p 00006000 08:15 4461342                    /lib/x86_64-linux-gnu/librt-2.23.so
7fb1b9a62000-7fb1b9a63000 rw-p 00007000 08:15 4461342                    /lib/x86_64-linux-gnu/librt-2.23.so
7fb1b9a63000-7fb1b9a79000 r-xp 00000000 08:15 4461226                    /lib/x86_64-linux-gnu/libgcc_s.so.1
7fb1b9a79000-7fb1b9c78000 ---p 00016000 08:15 4461226                    /lib/x86_64-linux-gnu/libgcc_s.so.1
7fb1b9c78000-7fb1b9c79000 rw-p 00015000 08:15 4461226                    /lib/x86_64-linux-gnu/libgcc_s.so.1
7fb1b9c79000-7fb1b9d81000 r-xp 00000000 08:15 4461258                    /lib/x86_64-linux-gnu/libm-2.23.so
7fb1b9d81000-7fb1b9f80000 ---p 00108000 08:15 4461258                    /lib/x86_64-linux-gnu/libm-2.23.so
7fb1b9f80000-7fb1b9f81000 r--p 00107000 08:15 4461258                    /lib/x86_64-linux-gnu/libm-2.23.so
7fb1b9f81000-7fb1b9f82000 rw-p 00108000 08:15 4461258                    /lib/x86_64-linux-gnu/libm-2.23.so
7fb1b9f82000-7fb1ba0f4000 r-xp 00000000 08:15 4721226                    /usr/lib/x86_64-linux-gnu/libstdc++.so.6.0.21
7fb1ba0f4000-7fb1ba2f4000 ---p 00172000 08:15 4721226                    /usr/lib/x86_64-linux-gnu/libstdc++.so.6.0.21
7fb1ba2f4000-7fb1ba2fe000 r--p 00172000 08:15 4721226                    /usr/lib/x86_64-linux-gnu/libstdc++.so.6.0.21
7fb1ba2fe000-7fb1ba300000 rw-p 0017c000 08:15 4721226                    /usr/lib/x86_64-linux-gnu/libstdc++.so.6.0.21
7fb1ba300000-7fb1ba304000 rw-p 00000000 00:00 0 
7fb1ba304000-7fb1baf4a000 r-xp 00000000 08:15 4855700                    /usr/lib/jvm/java-8-openjdk-amd64/jre/lib/amd64/server/libjvm.so
7fb1baf4a000-7fb1bb14a000 ---p 00c46000 08:15 4855700                    /usr/lib/jvm/java-8-openjdk-amd64/jre/lib/amd64/server/libjvm.so
7fb1bb14a000-7fb1bb1dd000 r--p 00c46000 08:15 4855700                    /usr/lib/jvm/java-8-openjdk-amd64/jre/lib/amd64/server/libjvm.so
7fb1bb1dd000-7fb1bb205000 rw-p 00cd9000 08:15 4855700                    /usr/lib/jvm/java-8-openjdk-amd64/jre/lib/amd64/server/libjvm.so
7fb1bb205000-7fb1bb235000 rw-p 00000000 00:00 0 
7fb1bb235000-7fb1bb24d000 r-xp 00000000 08:15 4461334                    /lib/x86_64-linux-gnu/libpthread-2.23.so
7fb1bb24d000-7fb1bb44c000 ---p 00018000 08:15 4461334                    /lib/x86_64-linux-gnu/libpthread-2.23.so
7fb1bb44c000-7fb1bb44d000 r--p 00017000 08:15 4461334                    /lib/x86_64-linux-gnu/libpthread-2.23.so
7fb1bb44d000-7fb1bb44e000 rw-p 00018000 08:15 4461334                    /lib/x86_64-linux-gnu/libpthread-2.23.so
7fb1bb44e000-7fb1bb452000 rw-p 00000000 00:00 0 
7fb1bb452000-7fb1bb455000 r-xp 00000000 08:15 4461212                    /lib/x86_64-linux-gnu/libdl-2.23.so
7fb1bb455000-7fb1bb654000 ---p 00003000 08:15 4461212                    /lib/x86_64-linux-gnu/libdl-2.23.so
7fb1bb654000-7fb1bb655000 r--p 00002000 08:15 4461212                    /lib/x86_64-linux-gnu/libdl-2.23.so
7fb1bb655000-7fb1bb656000 rw-p 00003000 08:15 4461212                    /lib/x86_64-linux-gnu/libdl-2.23.so
7fb1bb656000-7fb1bb66f000 r-xp 00000000 08:15 4461379                    /lib/x86_64-linux-gnu/libz.so.1.2.8
7fb1bb66f000-7fb1bb86e000 ---p 00019000 08:15 4461379                    /lib/x86_64-linux-gnu/libz.so.1.2.8
7fb1bb86e000-7fb1bb86f000 r--p 00018000 08:15 4461379                    /lib/x86_64-linux-gnu/libz.so.1.2.8
7fb1bb86f000-7fb1bb870000 rw-p 00019000 08:15 4461379                    /lib/x86_64-linux-gnu/libz.so.1.2.8
7fb1bb870000-7fb1bba30000 r-xp 00000000 08:15 4461188                    /lib/x86_64-linux-gnu/libc-2.23.so
7fb1bba30000-7fb1bbc2f000 ---p 001c0000 08:15 4461188                    /lib/x86_64-linux-gnu/libc-2.23.so
7fb1bbc2f000-7fb1bbc33000 r--p 001bf000 08:15 4461188                    /lib/x86_64-linux-gnu/libc-2.23.so
7fb1bbc33000-7fb1bbc35000 rw-p 001c3000 08:15 4461188                    /lib/x86_64-linux-gnu/libc-2.23.so
7fb1bbc35000-7fb1bbc39000 rw-p 00000000 00:00 0 
7fb1bbc39000-7fb1bbc46000 r-xp 00000000 08:15 4855716                    /usr/lib/jvm/java-8-openjdk-amd64/jre/lib/amd64/jli/libjli.so
7fb1bbc46000-7fb1bbe46000 ---p 0000d000 08:15 4855716                    /usr/lib/jvm/java-8-openjdk-amd64/jre/lib/amd64/jli/libjli.so
7fb1bbe46000-7fb1bbe47000 r--p 0000d000 08:15 4855716                    /usr/lib/jvm/java-8-openjdk-amd64/jre/lib/amd64/jli/libjli.so
7fb1bbe47000-7fb1bbe48000 rw-p 0000e000 08:15 4855716                    /usr/lib/jvm/java-8-openjdk-amd64/jre/lib/amd64/jli/libjli.so
7fb1bbe48000-7fb1bbe6e000 r-xp 00000000 08:15 4461160                    /lib/x86_64-linux-gnu/ld-2.23.so
7fb1bbf4d000-7fb1bbf50000 ---p 00000000 00:00 0 
7fb1bbf50000-7fb1bc053000 rw-p 00000000 00:00 0 
7fb1bc061000-7fb1bc069000 rw-s 00000000 08:15 5117105                    /tmp/hsperfdata_aphax/14908
7fb1bc069000-7fb1bc06a000 rw-p 00000000 00:00 0 
7fb1bc06a000-7fb1bc06b000 r--p 00000000 00:00 0 
7fb1bc06b000-7fb1bc06d000 rw-p 00000000 00:00 0 
7fb1bc06d000-7fb1bc06e000 r--p 00025000 08:15 4461160                    /lib/x86_64-linux-gnu/ld-2.23.so
7fb1bc06e000-7fb1bc06f000 rw-p 00026000 08:15 4461160                    /lib/x86_64-linux-gnu/ld-2.23.so
7fb1bc06f000-7fb1bc070000 rw-p 00000000 00:00 0 
7ffd4a18f000-7ffd4a1b0000 rw-p 00000000 00:00 0                          [stack]
7ffd4a1d2000-7ffd4a1d4000 r--p 00000000 00:00 0                          [vvar]
7ffd4a1d4000-7ffd4a1d6000 r-xp 00000000 00:00 0                          [vdso]
ffffffffff600000-ffffffffff601000 r-xp 00000000 00:00 0                  [vsyscall]

VM Arguments:
jvm_args: -Dactivator.home=/opt/activator-1.3.10-minimal -Xms1024m -Xmx1024m -XX:ReservedCodeCacheSize=128m -XX:MaxMetaspaceSize=256m 
java_command: /opt/activator-1.3.10-minimal/libexec/activator-launch-1.3.10.jar
java_class_path (initial): /opt/activator-1.3.10-minimal/libexec/activator-launch-1.3.10.jar
Launcher Type: SUN_STANDARD

Environment Variables:
PATH=/usr/local/sbin:/usr/local/bin:/usr/sbin:/usr/bin:/sbin:/bin:/usr/games:/usr/local/games:/snap/bin:/home/aphax/bin:/home/aphax/.local/bin:/opt/PostgreSQL/9.3/bin
SHELL=/bin/bash
DISPLAY=:0

Signal Handlers:
SIGSEGV: [libjvm.so+0xa5e970], sa_mask[0]=11111111011111111101111111111110, sa_flags=SA_RESTART|SA_SIGINFO
SIGBUS: [libjvm.so+0xa5e970], sa_mask[0]=11111111011111111101111111111110, sa_flags=SA_RESTART|SA_SIGINFO
SIGFPE: [libjvm.so+0x8a9ff0], sa_mask[0]=11111111011111111101111111111110, sa_flags=SA_RESTART|SA_SIGINFO
SIGPIPE: [libjvm.so+0x8a9ff0], sa_mask[0]=11111111011111111101111111111110, sa_flags=SA_RESTART|SA_SIGINFO
SIGXFSZ: [libjvm.so+0x8a9ff0], sa_mask[0]=11111111011111111101111111111110, sa_flags=SA_RESTART|SA_SIGINFO
SIGILL: [libjvm.so+0x8a9ff0], sa_mask[0]=11111111011111111101111111111110, sa_flags=SA_RESTART|SA_SIGINFO
SIGUSR1: SIG_DFL, sa_mask[0]=00000000000000000000000000000000, sa_flags=none
SIGUSR2: [libjvm.so+0x8a9ea0], sa_mask[0]=00000000000000000000000000000000, sa_flags=SA_RESTART|SA_SIGINFO
SIGHUP: SIG_DFL, sa_mask[0]=00000000000000000000000000000000, sa_flags=none
SIGINT: SIG_DFL, sa_mask[0]=00000000000000000000000000000000, sa_flags=none
SIGTERM: SIG_DFL, sa_mask[0]=00000000000000000000000000000000, sa_flags=none
SIGQUIT: SIG_DFL, sa_mask[0]=00000000000000000000000000000000, sa_flags=none


---------------  S Y S T E M  ---------------

OS:DISTRIB_ID=Ubuntu
DISTRIB_RELEASE=16.04
DISTRIB_CODENAME=xenial
DISTRIB_DESCRIPTION="Ubuntu 16.04.1 LTS"

uname:Linux 4.4.0-45-generic #66-Ubuntu SMP Wed Oct 19 14:12:37 UTC 2016 x86_64
libc:glibc 2.23 NPTL 2.23 
rlimit: STACK 8192k, CORE 0k, NPROC 31319, NOFILE 65536, AS infinity
load average:0.45 0.53 0.55

/proc/meminfo:
MemTotal:        8094276 kB
MemFree:          252168 kB
MemAvailable:     355596 kB
Buffers:           12592 kB
Cached:           658244 kB
SwapCached:        20716 kB
Active:          6189840 kB
Inactive:        1354948 kB
Active(anon):    6004372 kB
Inactive(anon):  1243964 kB
Active(file):     185468 kB
Inactive(file):   110984 kB
Unevictable:         336 kB
Mlocked:             336 kB
SwapTotal:       1952764 kB
SwapFree:         186040 kB
Dirty:             21924 kB
Writeback:             0 kB
AnonPages:       6855128 kB
Mapped:           305372 kB
Shmem:            374176 kB
Slab:             112200 kB
SReclaimable:      58964 kB
SUnreclaim:        53236 kB
KernelStack:       17104 kB
PageTables:        82708 kB
NFS_Unstable:          0 kB
Bounce:                0 kB
WritebackTmp:          0 kB
CommitLimit:     5999900 kB
Committed_AS:   19485712 kB
VmallocTotal:   34359738367 kB
VmallocUsed:           0 kB
VmallocChunk:          0 kB
HardwareCorrupted:     0 kB
AnonHugePages:   3590144 kB
CmaTotal:              0 kB
CmaFree:               0 kB
HugePages_Total:       0
HugePages_Free:        0
HugePages_Rsvd:        0
HugePages_Surp:        0
Hugepagesize:       2048 kB
DirectMap4k:      261156 kB
DirectMap2M:     8046592 kB
DirectMap1G:     1048576 kB


CPU:total 4 (2 cores per cpu, 2 threads per core) family 6 model 60 stepping 3, cmov, cx8, fxsr, mmx, sse, sse2, sse3, ssse3, sse4.1, sse4.2, popcnt, avx, avx2, aes, clmul, erms, lzcnt, ht, tsc, tscinvbit, bmi1, bmi2

/proc/cpuinfo:
processor	: 0
vendor_id	: GenuineIntel
cpu family	: 6
model		: 60
model name	: Intel(R) Core(TM) i5-4200M CPU @ 2.50GHz
stepping	: 3
microcode	: 0x1e
cpu MHz		: 2649.511
cache size	: 3072 KB
physical id	: 0
siblings	: 4
core id		: 0
cpu cores	: 2
apicid		: 0
initial apicid	: 0
fpu		: yes
fpu_exception	: yes
cpuid level	: 13
wp		: yes
flags		: fpu vme de pse tsc msr pae mce cx8 apic sep mtrr pge mca cmov pat pse36 clflush dts acpi mmx fxsr sse sse2 ss ht tm pbe syscall nx pdpe1gb rdtscp lm constant_tsc arch_perfmon pebs bts rep_good nopl xtopology nonstop_tsc aperfmperf eagerfpu pni pclmulqdq dtes64 monitor ds_cpl vmx est tm2 ssse3 sdbg fma cx16 xtpr pdcm pcid sse4_1 sse4_2 movbe popcnt tsc_deadline_timer aes xsave avx f16c rdrand lahf_lm abm epb tpr_shadow vnmi flexpriority ept vpid fsgsbase tsc_adjust bmi1 avx2 smep bmi2 erms invpcid xsaveopt dtherm ida arat pln pts
bugs		:
bogomips	: 4988.45
clflush size	: 64
cache_alignment	: 64
address sizes	: 39 bits physical, 48 bits virtual
power management:

processor	: 1
vendor_id	: GenuineIntel
cpu family	: 6
model		: 60
model name	: Intel(R) Core(TM) i5-4200M CPU @ 2.50GHz
stepping	: 3
microcode	: 0x1e
cpu MHz		: 2880.859
cache size	: 3072 KB
physical id	: 0
siblings	: 4
core id		: 1
cpu cores	: 2
apicid		: 2
initial apicid	: 2
fpu		: yes
fpu_exception	: yes
cpuid level	: 13
wp		: yes
flags		: fpu vme de pse tsc msr pae mce cx8 apic sep mtrr pge mca cmov pat pse36 clflush dts acpi mmx fxsr sse sse2 ss ht tm pbe syscall nx pdpe1gb rdtscp lm constant_tsc arch_perfmon pebs bts rep_good nopl xtopology nonstop_tsc aperfmperf eagerfpu pni pclmulqdq dtes64 monitor ds_cpl vmx est tm2 ssse3 sdbg fma cx16 xtpr pdcm pcid sse4_1 sse4_2 movbe popcnt tsc_deadline_timer aes xsave avx f16c rdrand lahf_lm abm epb tpr_shadow vnmi flexpriority ept vpid fsgsbase tsc_adjust bmi1 avx2 smep bmi2 erms invpcid xsaveopt dtherm ida arat pln pts
bugs		:
bogomips	: 4988.45
clflush size	: 64
cache_alignment	: 64
address sizes	: 39 bits physical, 48 bits virtual
power management:

processor	: 2
vendor_id	: GenuineIntel
cpu family	: 6
model		: 60
model name	: Intel(R) Core(TM) i5-4200M CPU @ 2.50GHz
stepping	: 3
microcode	: 0x1e
cpu MHz		: 2999.902
cache size	: 3072 KB
physical id	: 0
siblings	: 4
core id		: 0
cpu cores	: 2
apicid		: 1
initial apicid	: 1
fpu		: yes
fpu_exception	: yes
cpuid level	: 13
wp		: yes
flags		: fpu vme de pse tsc msr pae mce cx8 apic sep mtrr pge mca cmov pat pse36 clflush dts acpi mmx fxsr sse sse2 ss ht tm pbe syscall nx pdpe1gb rdtscp lm constant_tsc arch_perfmon pebs bts rep_good nopl xtopology nonstop_tsc aperfmperf eagerfpu pni pclmulqdq dtes64 monitor ds_cpl vmx est tm2 ssse3 sdbg fma cx16 xtpr pdcm pcid sse4_1 sse4_2 movbe popcnt tsc_deadline_timer aes xsave avx f16c rdrand lahf_lm abm epb tpr_shadow vnmi flexpriority ept vpid fsgsbase tsc_adjust bmi1 avx2 smep bmi2 erms invpcid xsaveopt dtherm ida arat pln pts
bugs		:
bogomips	: 4988.45
clflush size	: 64
cache_alignment	: 64
address sizes	: 39 bits physical, 48 bits virtual
power management:

processor	: 3
vendor_id	: GenuineIntel
cpu family	: 6
model		: 60
model name	: Intel(R) Core(TM) i5-4200M CPU @ 2.50GHz
stepping	: 3
microcode	: 0x1e
cpu MHz		: 2948.242
cache size	: 3072 KB
physical id	: 0
siblings	: 4
core id		: 1
cpu cores	: 2
apicid		: 3
initial apicid	: 3
fpu		: yes
fpu_exception	: yes
cpuid level	: 13
wp		: yes
flags		: fpu vme de pse tsc msr pae mce cx8 apic sep mtrr pge mca cmov pat pse36 clflush dts acpi mmx fxsr sse sse2 ss ht tm pbe syscall nx pdpe1gb rdtscp lm constant_tsc arch_perfmon pebs bts rep_good nopl xtopology nonstop_tsc aperfmperf eagerfpu pni pclmulqdq dtes64 monitor ds_cpl vmx est tm2 ssse3 sdbg fma cx16 xtpr pdcm pcid sse4_1 sse4_2 movbe popcnt tsc_deadline_timer aes xsave avx f16c rdrand lahf_lm abm epb tpr_shadow vnmi flexpriority ept vpid fsgsbase tsc_adjust bmi1 avx2 smep bmi2 erms invpcid xsaveopt dtherm ida arat pln pts
bugs		:
bogomips	: 4988.45
clflush size	: 64
cache_alignment	: 64
address sizes	: 39 bits physical, 48 bits virtual
power management:



Memory: 4k page, physical 8094276k(252168k free), swap 1952764k(186040k free)

vm_info: OpenJDK 64-Bit Server VM (25.91-b14) for linux-amd64 JRE (1.8.0_91-8u91-b14-3ubuntu1~16.04.1-b14), built on Jul 21 2016 04:13:34 by "buildd" with gcc 5.3.1 20160413

time: Thu Nov  3 16:16:49 2016
elapsed time: 0 seconds (0d 0h 0m 0s)

